<component name="libraryTable">
  <library name="junit-4.11">
    <CLASSES>
      <root url="jar://$PROJECT_DIR$/lib/junit-4.11.jar!/" />
      <root url="jar://$PROJECT_DIR$/lib/log4j-1.2.17.jar!/" />
      <root url="jar://$PROJECT_DIR$/lib/mysql-connector-java-5.1.24-bin.jar!/" />
      <root url="jar://$PROJECT_DIR$/lib/poi-3.9-20121203.jar!/" />
      <root url="jar://$PROJECT_DIR$/lib/poi-ooxml-3.9-20121203.jar!/" />
      <root url="jar://$PROJECT_DIR$/lib/poi-ooxml-schemas-3.9-20121203.jar!/" />
      <root url="jar://$PROJECT_DIR$/lib/poi-scratchpad-3.9-20121203.jar!/" />
    </CLASSES>
    <JAVADOC />
    <SOURCES />
  </library>
</component>